Arguments: 
  C:\Program Files\nodejs\node.exe C:\Users\pedfe\AppData\Roaming\npm\node_modules\yarn\bin\yarn.js add RTCPeerConnection

PATH: 
  C:\ProgramData\Boxstarter;C:\Users\pedfe\AppData\Local\Programs\Python\Python38\Scripts\;C:\Users\pedfe\AppData\Local\Programs\Python\Python38\;C:\Program Files (x86)\NVIDIA Corporation\PhysX\Common;C:\Program Files (x86)\Common Files\Oracle\Java\javapath;C:\WINDOWS\system32;C:\WINDOWS;C:\WINDOWS\System32\Wbem;C:\WINDOWS\System32\WindowsPowerShell\v1.0\;C:\WINDOWS\System32\OpenSSH\;C:\Program Files\dotnet\;C:\Program Files\Microsoft SQL Server\130\Tools\Binn\;C:\Program Files\Microsoft SQL Server\Client SDK\ODBC\170\Tools\Binn\;C:\Program Files (x86)\Microsoft SQL Server\150\Tools\Binn\;C:\Program Files\Microsoft SQL Server\150\Tools\Binn\;C:\Program Files\Microsoft SQL Server\150\DTS\Binn\;C:\Program Files\Azure Data Studio\bin;C:\ProgramData\chocolatey\bin;C:\Program Files\Git\cmd;C:\MinGW\bin;C:\Users\pedfe\AppData\Local\bin\NASM;C:\Program Files\nodejs\;C:\Program Files\PuTTY\;C:\Users\pedfe\AppData\Local\Programs\Python\Python38\Scripts\;C:\Users\pedfe\AppData\Local\Programs\Python\Python38\;C:\Users\pedfe\AppData\Local\Microsoft\WindowsApps;C:\Users\pedfe\.dotnet\tools;C:\Program Files\Azure Data Studio\bin;C:\Users\pedfe\AppData\Local\Programs\Microsoft VS Code\bin;C:\Program Files\OpenSSL-Win64\bin;C:\Users\pedfe\AppData\Roaming\npm;C:\Users\pedfe\.dotnet\tools

Yarn version: 
  1.22.10

Node version: 
  14.17.1

Platform: 
  win32 x64

Trace: 
  Error: https://registry.yarnpkg.com/RTCPeerConnection: Not found
      at Request.params.callback [as _callback] (C:\Users\pedfe\AppData\Roaming\npm\node_modules\yarn\lib\cli.js:66988:18)
      at Request.self.callback (C:\Users\pedfe\AppData\Roaming\npm\node_modules\yarn\lib\cli.js:140662:22)
      at Request.emit (events.js:375:28)
      at Request.<anonymous> (C:\Users\pedfe\AppData\Roaming\npm\node_modules\yarn\lib\cli.js:141634:10)
      at Request.emit (events.js:375:28)
      at IncomingMessage.<anonymous> (C:\Users\pedfe\AppData\Roaming\npm\node_modules\yarn\lib\cli.js:141556:12)
      at Object.onceWrapper (events.js:481:28)
      at IncomingMessage.emit (events.js:387:35)
      at endReadableNT (internal/streams/readable.js:1317:12)
      at processTicksAndRejections (internal/process/task_queues.js:82:21)

npm manifest: 
  No manifest

yarn manifest: 
  No manifest

Lockfile: 
  No lockfile
